<?xml version="1.0" encoding="UTF-8"?>
<!-- Generated by org.testng.reporters.JUnitReportReporter -->
<testsuite hostname="RICKU" failures="0" tests="2" name="com.Extent.Repo.ExtentTests" time="3.445" errors="0" timestamp="2023-09-08T19:11:55 IST" skipped="0">
  <testcase classname="com.Extent.Repo.ExtentTests" name="create" time="2.163">
    <system-out>
      <![CDATA[Create]]>
    </system-out>
  </testcase> <!-- create -->
  <testcase classname="com.Extent.Repo.ExtentTests" name="modify" time="1.282">
    <system-out>
      <![CDATA[Modify]]>
    </system-out>
  </testcase> <!-- modify -->
  <system-out>
    <![CDATA[Open
Login
Create
Logout
Login
Modify
Logout
Close]]>
  </system-out>
</testsuite> <!-- com.Extent.Repo.ExtentTests -->
